This is pdfTeX, Version 3.141592653-2.6-1.40.24 (MiKTeX 22.3) (preloaded format=pdflatex 2022.6.13)  30 JUN 2022 15:13
entering extended mode
 restricted \write18 enabled.
 %&-line parsing enabled.
**"C:/Users/Berretta/Downloads/report_template (1) - 1 (3)/report.tex"
(C:/Users/Berretta/Downloads/report_template (1) - 1 (3)/report.tex
LaTeX2e <2021-11-15> patch level 1
L3 programming layer <2022-02-24>
(C:\Users\Berretta\AppData\Local\Programs\MiKTeX\tex/latex/base\book.cls
Document Class: book 2021/10/04 v1.4n Standard LaTeX document class
(C:\Users\Berretta\AppData\Local\Programs\MiKTeX\tex/latex/base\bk10.clo
File: bk10.clo 2021/10/04 v1.4n Standard LaTeX file (size option)
)
\c@part=\count185
\c@chapter=\count186
\c@section=\count187
\c@subsection=\count188
\c@subsubsection=\count189
\c@paragraph=\count190
\c@subparagraph=\count191
\c@figure=\count192
\c@table=\count193
\abovecaptionskip=\skip47
\belowcaptionskip=\skip48
\bibindent=\dimen138
)
(C:\Users\Berretta\AppData\Local\Programs\MiKTeX\tex/generic/babel\babel.sty
Package: babel 2022/02/26 3.73 The Babel package
\babel@savecnt=\count194
\U@D=\dimen139
\l@unhyphenated=\language79

(C:\Users\Berretta\AppData\Local\Programs\MiKTeX\tex/generic/babel\txtbabel.def
)
\bbl@readstream=\read2
\bbl@dirlevel=\count195

*************************************
* Local config file bblopts.cfg used
*
(C:\Users\Berretta\AppData\Local\Programs\MiKTeX\tex/latex/arabi\bblopts.cfg
File: bblopts.cfg 2005/09/08 v0.1 add Arabic and Farsi to "declared" options of
 babel
)
(C:\Users\Berretta\AppData\Local\Programs\MiKTeX\tex/latex/babel-english\englis
h.ldf
Language: english 2017/06/06 v3.3r English support from the babel system
Package babel Info: Hyphen rules for 'canadian' set to \l@english
(babel)             (\language0). Reported on input line 102.
Package babel Info: Hyphen rules for 'australian' set to \l@ukenglish
(babel)             (\language73). Reported on input line 105.
Package babel Info: Hyphen rules for 'newzealand' set to \l@ukenglish
(babel)             (\language73). Reported on input line 108.
))
(C:\Users\Berretta\AppData\Local\Programs\MiKTeX\tex/latex/fancyhdr\fancyhdr.st
y
Package: fancyhdr 2022/05/18 v4.0.3 Extensive control of page headers and foote
rs
\f@nch@headwidth=\skip49
\f@nch@O@elh=\skip50
\f@nch@O@erh=\skip51
\f@nch@O@olh=\skip52
\f@nch@O@orh=\skip53
\f@nch@O@elf=\skip54
\f@nch@O@erf=\skip55
\f@nch@O@olf=\skip56
\f@nch@O@orf=\skip57
) (C:\Users\Berretta\AppData\Local\Programs\MiKTeX\tex/latex/base\makeidx.sty
Package: makeidx 2021/10/04 v1.0m Standard LaTeX package
)
(C:\Users\Berretta\AppData\Local\Programs\MiKTeX\tex/latex/titlesec\titlesec.st
y
Package: titlesec 2021/07/05 v2.14 Sectioning titles
\ttl@box=\box50
\beforetitleunit=\skip58
\aftertitleunit=\skip59
\ttl@plus=\dimen140
\ttl@minus=\dimen141
\ttl@toksa=\toks16
\titlewidth=\dimen142
\titlewidthlast=\dimen143
\titlewidthfirst=\dimen144
)
(C:\Users\Berretta\AppData\Local\Programs\MiKTeX\tex/latex/listings\listings.st
y
(C:\Users\Berretta\AppData\Local\Programs\MiKTeX\tex/latex/graphics\keyval.sty
Package: keyval 2014/10/28 v1.15 key=value parser (DPC)
\KV@toks@=\toks17
)
\lst@mode=\count196
\lst@gtempboxa=\box51
\lst@token=\toks18
\lst@length=\count197
\lst@currlwidth=\dimen145
\lst@column=\count198
\lst@pos=\count199
\lst@lostspace=\dimen146
\lst@width=\dimen147
\lst@newlines=\count266
\lst@lineno=\count267
\lst@maxwidth=\dimen148

(C:\Users\Berretta\AppData\Local\Programs\MiKTeX\tex/latex/listings\lstmisc.sty
File: lstmisc.sty 2020/03/24 1.8d (Carsten Heinz)
\c@lstnumber=\count268
\lst@skipnumbers=\count269
\lst@framebox=\box52
)
(C:\Users\Berretta\AppData\Local\Programs\MiKTeX\tex/latex/listings\listings.cf
g
File: listings.cfg 2020/03/24 1.8d listings configuration
))
Package: listings 2020/03/24 1.8d (Carsten Heinz)

(C:\Users\Berretta\AppData\Local\Programs\MiKTeX\tex/latex/booktabs\booktabs.st
y
Package: booktabs 2020/01/12 v1.61803398 Publication quality tables
\heavyrulewidth=\dimen149
\lightrulewidth=\dimen150
\cmidrulewidth=\dimen151
\belowrulesep=\dimen152
\belowbottomsep=\dimen153
\aboverulesep=\dimen154
\abovetopsep=\dimen155
\cmidrulesep=\dimen156
\cmidrulekern=\dimen157
\defaultaddspace=\dimen158
\@cmidla=\count270
\@cmidlb=\count271
\@aboverulesep=\dimen159
\@belowrulesep=\dimen160
\@thisruleclass=\count272
\@lastruleclass=\count273
\@thisrulewidth=\dimen161
)
(C:\Users\Berretta\AppData\Local\Programs\MiKTeX\tex/latex/hyperref\hyperref.st
y
Package: hyperref 2022-02-21 v7.00n Hypertext links for LaTeX

(C:\Users\Berretta\AppData\Local\Programs\MiKTeX\tex/generic/ltxcmds\ltxcmds.st
y
Package: ltxcmds 2020-05-10 v1.25 LaTeX kernel commands for general use (HO)
) (C:\Users\Berretta\AppData\Local\Programs\MiKTeX\tex/generic/iftex\iftex.sty
Package: iftex 2022/02/03 v1.0f TeX engine tests
)
(C:\Users\Berretta\AppData\Local\Programs\MiKTeX\tex/generic/pdftexcmds\pdftexc
mds.sty
Package: pdftexcmds 2020-06-27 v0.33 Utility functions of pdfTeX for LuaTeX (HO
)

(C:\Users\Berretta\AppData\Local\Programs\MiKTeX\tex/generic/infwarerr\infwarer
r.sty
Package: infwarerr 2019/12/03 v1.5 Providing info/warning/error messages (HO)
)
Package pdftexcmds Info: \pdf@primitive is available.
Package pdftexcmds Info: \pdf@ifprimitive is available.
Package pdftexcmds Info: \pdfdraftmode found.
)
(C:\Users\Berretta\AppData\Local\Programs\MiKTeX\tex/generic/kvsetkeys\kvsetkey
s.sty
Package: kvsetkeys 2019/12/15 v1.18 Key value parser (HO)
)
(C:\Users\Berretta\AppData\Local\Programs\MiKTeX\tex/generic/kvdefinekeys\kvdef
inekeys.sty
Package: kvdefinekeys 2019-12-19 v1.6 Define keys (HO)
)
(C:\Users\Berretta\AppData\Local\Programs\MiKTeX\tex/generic/pdfescape\pdfescap
e.sty
Package: pdfescape 2019/12/09 v1.15 Implements pdfTeX's escape features (HO)
)
(C:\Users\Berretta\AppData\Local\Programs\MiKTeX\tex/latex/hycolor\hycolor.sty
Package: hycolor 2020-01-27 v1.10 Color options for hyperref/bookmark (HO)
)
(C:\Users\Berretta\AppData\Local\Programs\MiKTeX\tex/latex/letltxmacro\letltxma
cro.sty
Package: letltxmacro 2019/12/03 v1.6 Let assignment for LaTeX macros (HO)
)
(C:\Users\Berretta\AppData\Local\Programs\MiKTeX\tex/latex/auxhook\auxhook.sty
Package: auxhook 2019-12-17 v1.6 Hooks for auxiliary files (HO)
)
(C:\Users\Berretta\AppData\Local\Programs\MiKTeX\tex/latex/kvoptions\kvoptions.
sty
Package: kvoptions 2022-06-15 v3.15 Key value format for package options (HO)
)
\@linkdim=\dimen162
\Hy@linkcounter=\count274
\Hy@pagecounter=\count275

(C:\Users\Berretta\AppData\Local\Programs\MiKTeX\tex/latex/hyperref\pd1enc.def
File: pd1enc.def 2022-02-21 v7.00n Hyperref: PDFDocEncoding definition (HO)
Now handling font encoding PD1 ...
... no UTF-8 mapping file for font encoding PD1
)
(C:\Users\Berretta\AppData\Local\Programs\MiKTeX\tex/generic/intcalc\intcalc.st
y
Package: intcalc 2019/12/15 v1.3 Expandable calculations with integers (HO)
)
(C:\Users\Berretta\AppData\Local\Programs\MiKTeX\tex/generic/etexcmds\etexcmds.
sty
Package: etexcmds 2019/12/15 v1.7 Avoid name clashes with e-TeX commands (HO)
)
\Hy@SavedSpaceFactor=\count276

(C:\Users\Berretta\AppData\Local\Programs\MiKTeX\tex/latex/hyperref\puenc.def
File: puenc.def 2022-02-21 v7.00n Hyperref: PDF Unicode definition (HO)
Now handling font encoding PU ...
... no UTF-8 mapping file for font encoding PU
)
Package hyperref Info: Hyper figures OFF on input line 4137.
Package hyperref Info: Link nesting OFF on input line 4142.
Package hyperref Info: Hyper index ON on input line 4145.
Package hyperref Info: Plain pages OFF on input line 4152.
Package hyperref Info: Backreferencing OFF on input line 4157.
Package hyperref Info: Implicit mode ON; LaTeX internals redefined.
Package hyperref Info: Bookmarks ON on input line 4390.
\c@Hy@tempcnt=\count277

(C:\Users\Berretta\AppData\Local\Programs\MiKTeX\tex/latex/url\url.sty
\Urlmuskip=\muskip16
Package: url 2013/09/16  ver 3.4  Verb mode for urls, etc.
)
LaTeX Info: Redefining \url on input line 4749.
\XeTeXLinkMargin=\dimen163

(C:\Users\Berretta\AppData\Local\Programs\MiKTeX\tex/generic/bitset\bitset.sty
Package: bitset 2019/12/09 v1.3 Handle bit-vector datatype (HO)

(C:\Users\Berretta\AppData\Local\Programs\MiKTeX\tex/generic/bigintcalc\bigintc
alc.sty
Package: bigintcalc 2019/12/15 v1.5 Expandable calculations on big integers (HO
)
))
\Fld@menulength=\count278
\Field@Width=\dimen164
\Fld@charsize=\dimen165
Package hyperref Info: Hyper figures OFF on input line 6027.
Package hyperref Info: Link nesting OFF on input line 6032.
Package hyperref Info: Hyper index ON on input line 6035.
Package hyperref Info: backreferencing OFF on input line 6042.
Package hyperref Info: Link coloring OFF on input line 6047.
Package hyperref Info: Link coloring with OCG OFF on input line 6052.
Package hyperref Info: PDF/A mode OFF on input line 6057.
LaTeX Info: Redefining \ref on input line 6097.
LaTeX Info: Redefining \pageref on input line 6101.

(C:\Users\Berretta\AppData\Local\Programs\MiKTeX\tex/latex/base\atbegshi-ltx.st
y
Package: atbegshi-ltx 2021/01/10 v1.0c Emulation of the original atbegshi
package with kernel methods
)
\Hy@abspage=\count279
\c@Item=\count280
\c@Hfootnote=\count281
)
Package hyperref Info: Driver (autodetected): hpdftex.

(C:\Users\Berretta\AppData\Local\Programs\MiKTeX\tex/latex/hyperref\hpdftex.def
File: hpdftex.def 2022-02-21 v7.00n Hyperref driver for pdfTeX

(C:\Users\Berretta\AppData\Local\Programs\MiKTeX\tex/latex/base\atveryend-ltx.s
ty
Package: atveryend-ltx 2020/08/19 v1.0a Emulation of the original atveryend pac
kage
with kernel methods
)
\Fld@listcount=\count282
\c@bookmark@seq@number=\count283

(C:\Users\Berretta\AppData\Local\Programs\MiKTeX\tex/latex/rerunfilecheck\rerun
filecheck.sty
Package: rerunfilecheck 2019/12/05 v1.9 Rerun checks for auxiliary files (HO)

(C:\Users\Berretta\AppData\Local\Programs\MiKTeX\tex/generic/uniquecounter\uniq
uecounter.sty
Package: uniquecounter 2019/12/15 v1.4 Provide unlimited unique counter (HO)
)
Package uniquecounter Info: New unique counter `rerunfilecheck' on input line 2
86.
)
\Hy@SectionHShift=\skip60
)
(C:\Users\Berretta\AppData\Local\Programs\MiKTeX\tex/latex/graphics\graphicx.st
y
Package: graphicx 2021/09/16 v1.2d Enhanced LaTeX Graphics (DPC,SPQR)

(C:\Users\Berretta\AppData\Local\Programs\MiKTeX\tex/latex/graphics\graphics.st
y
Package: graphics 2021/03/04 v1.4d Standard LaTeX Graphics (DPC,SPQR)
 (C:\Users\Berretta\AppData\Local\Programs\MiKTeX\tex/latex/graphics\trig.sty
Package: trig 2021/08/11 v1.11 sin cos tan (DPC)
)
(C:\Users\Berretta\AppData\Local\Programs\MiKTeX\tex/latex/graphics-cfg\graphic
s.cfg
File: graphics.cfg 2016/06/04 v1.11 sample graphics configuration
)
Package graphics Info: Driver file: pdftex.def on input line 107.

(C:\Users\Berretta\AppData\Local\Programs\MiKTeX\tex/latex/graphics-def\pdftex.
def
File: pdftex.def 2020/10/05 v1.2a Graphics/color driver for pdftex
))
\Gin@req@height=\dimen166
\Gin@req@width=\dimen167
)
(C:\Users\Berretta\AppData\Local\Programs\MiKTeX\tex/latex/amsmath\amsmath.sty
Package: amsmath 2021/10/15 v2.17l AMS math features
\@mathmargin=\skip61

For additional information on amsmath, use the `?' option.
(C:\Users\Berretta\AppData\Local\Programs\MiKTeX\tex/latex/amsmath\amstext.sty
Package: amstext 2021/08/26 v2.01 AMS text

(C:\Users\Berretta\AppData\Local\Programs\MiKTeX\tex/latex/amsmath\amsgen.sty
File: amsgen.sty 1999/11/30 v2.0 generic functions
\@emptytoks=\toks19
\ex@=\dimen168
)) (C:\Users\Berretta\AppData\Local\Programs\MiKTeX\tex/latex/amsmath\amsbsy.st
y
Package: amsbsy 1999/11/29 v1.2d Bold Symbols
\pmbraise@=\dimen169
) (C:\Users\Berretta\AppData\Local\Programs\MiKTeX\tex/latex/amsmath\amsopn.sty
Package: amsopn 2021/08/26 v2.02 operator names
)
\inf@bad=\count284
LaTeX Info: Redefining \frac on input line 234.
\uproot@=\count285
\leftroot@=\count286
LaTeX Info: Redefining \overline on input line 399.
\classnum@=\count287
\DOTSCASE@=\count288
LaTeX Info: Redefining \ldots on input line 496.
LaTeX Info: Redefining \dots on input line 499.
LaTeX Info: Redefining \cdots on input line 620.
\Mathstrutbox@=\box53
\strutbox@=\box54
\big@size=\dimen170
LaTeX Font Info:    Redeclaring font encoding OML on input line 743.
LaTeX Font Info:    Redeclaring font encoding OMS on input line 744.
\macc@depth=\count289
\c@MaxMatrixCols=\count290
\dotsspace@=\muskip17
\c@parentequation=\count291
\dspbrk@lvl=\count292
\tag@help=\toks20
\row@=\count293
\column@=\count294
\maxfields@=\count295
\andhelp@=\toks21
\eqnshift@=\dimen171
\alignsep@=\dimen172
\tagshift@=\dimen173
\tagwidth@=\dimen174
\totwidth@=\dimen175
\lineht@=\dimen176
\@envbody=\toks22
\multlinegap=\skip62
\multlinetaggap=\skip63
\mathdisplay@stack=\toks23
LaTeX Info: Redefining \[ on input line 2938.
LaTeX Info: Redefining \] on input line 2939.
)
(C:\Users\Berretta\AppData\Local\Programs\MiKTeX\tex/latex/amsfonts\amsfonts.st
y
Package: amsfonts 2013/01/14 v3.01 Basic AMSFonts support
\symAMSa=\mathgroup4
\symAMSb=\mathgroup5
LaTeX Font Info:    Redeclaring math symbol \hbar on input line 98.
LaTeX Font Info:    Overwriting math alphabet `\mathfrak' in version `bold'
(Font)                  U/euf/m/n --> U/euf/b/n on input line 106.
) (C:\Users\Berretta\AppData\Local\Programs\MiKTeX\tex/latex/amscls\amsthm.sty
Package: amsthm 2020/05/29 v2.20.6
\thm@style=\toks24
\thm@bodyfont=\toks25
\thm@headfont=\toks26
\thm@notefont=\toks27
\thm@headpunct=\toks28
\thm@preskip=\skip64
\thm@postskip=\skip65
\thm@headsep=\skip66
\dth@everypar=\toks29
)
(C:\Users\Berretta\AppData\Local\Programs\MiKTeX\tex/latex/amsfonts\amssymb.sty
Package: amssymb 2013/01/14 v3.01 AMS font symbols
)
(C:\Users\Berretta\AppData\Local\Programs\MiKTeX\tex/latex/caption\caption.sty
Package: caption 2022/03/01 v3.6b Customizing captions (AR)

(C:\Users\Berretta\AppData\Local\Programs\MiKTeX\tex/latex/caption\caption3.sty
Package: caption3 2022/03/17 v2.3b caption3 kernel (AR)
\caption@tempdima=\dimen177
\captionmargin=\dimen178
\caption@leftmargin=\dimen179
\caption@rightmargin=\dimen180
\caption@width=\dimen181
\caption@indent=\dimen182
\caption@parindent=\dimen183
\caption@hangindent=\dimen184
Package caption Info: Standard document class detected.
)
\c@caption@flags=\count296
\c@continuedfloat=\count297
Package caption Info: hyperref package is loaded.
Package caption Info: listings package is loaded.
) (C:\Users\Berretta\AppData\Local\Programs\MiKTeX\tex/latex/float\float.sty
Package: float 2001/11/08 v1.3d Float enhancements (AL)
\c@float@type=\count298
\float@exts=\toks30
\float@box=\box55
\@float@everytoks=\toks31
\@floatcapt=\box56
)
(C:\Users\Berretta\AppData\Local\Programs\MiKTeX\tex/latex/mathtools\empheq.sty
Package: empheq 2017/03/31 v2.15 Emphasizing equations

(C:\Users\Berretta\AppData\Local\Programs\MiKTeX\tex/latex/mathtools\mhsetup.st
y
Package: mhsetup 2021/03/18 v1.4 programming setup (MH)
)
(C:\Users\Berretta\AppData\Local\Programs\MiKTeX\tex/latex/mathtools\mathtools.
sty
Package: mathtools 2022/02/07 v1.28a mathematical typesetting tools
 (C:\Users\Berretta\AppData\Local\Programs\MiKTeX\tex/latex/tools\calc.sty
Package: calc 2017/05/25 v4.3 Infix arithmetic (KKT,FJ)
\calc@Acount=\count299
\calc@Bcount=\count300
\calc@Adimen=\dimen185
\calc@Bdimen=\dimen186
\calc@Askip=\skip67
\calc@Bskip=\skip68
LaTeX Info: Redefining \setlength on input line 80.
LaTeX Info: Redefining \addtolength on input line 81.
\calc@Ccount=\count301
\calc@Cskip=\skip69
)
\g_MT_multlinerow_int=\count302
\l_MT_multwidth_dim=\dimen187
\origjot=\skip70
\l_MT_shortvdotswithinadjustabove_dim=\dimen188
\l_MT_shortvdotswithinadjustbelow_dim=\dimen189
\l_MT_above_intertext_sep=\dimen190
\l_MT_below_intertext_sep=\dimen191
\l_MT_above_shortintertext_sep=\dimen192
\l_MT_below_shortintertext_sep=\dimen193
\xmathstrut@box=\box57
\xmathstrut@dim=\dimen194
)
\l_EQ_equationtype_int=\count303
\l_EQ_alignmentmode_int=\count304
\l_EQ_totalwidth_dim=\dimen195
\l_EQ_displaywidth_dim=\dimen196
\l_EQ_temp_linewidth_dim=\dimen197
\l_EQ_linewidth_dim=\dimen198
\EmphEqdelimitershortfall=\dimen199
\EmphEqdelimiterfactor=\count305
\g_EQ_toptag_height_dim=\dimen256
\g_EQ_bottomtag_depth_dim=\dimen257
\g_EQ_toprow_height_dim=\dimen258
\g_EQ_bottomrow_depth_dim=\dimen259
\g_EQ_widesttag_dim=\dimen260
\EQ_mathdisplay_box=\box58
\EQ_tag_box=\box59
\g_EQ_temprow_int=\count306
) (C:\Users\Berretta\AppData\Local\Programs\MiKTeX\tex/latex/tools\verbatim.sty
Package: verbatim 2020-07-07 v1.5u LaTeX2e package for verbatim enhancements
\every@verbatim=\toks32
\verbatim@line=\toks33
\verbatim@in@stream=\read3
)
(C:\Users\Berretta\AppData\Local\Programs\MiKTeX\tex/latex/fancyvrb\fancyvrb.st
y
Package: fancyvrb 2022/06/06 4.5 verbatim text (tvz,hv)
\FV@CodeLineNo=\count307
\FV@InFile=\read4
\FV@TabBox=\box60
\c@FancyVerbLine=\count308
\FV@StepNumber=\count309
\FV@OutFile=\write3
) (C:\Users\Berretta\AppData\Local\Programs\MiKTeX\tex/latex/xcolor\xcolor.sty
Package: xcolor 2021/10/31 v2.13 LaTeX color extensions (UK)

(C:\Users\Berretta\AppData\Local\Programs\MiKTeX\tex/latex/graphics-cfg\color.c
fg
File: color.cfg 2016/01/02 v1.6 sample color configuration
)
Package xcolor Info: Driver file: pdftex.def on input line 227.
Package xcolor Info: Model `cmy' substituted by `cmy0' on input line 1352.
Package xcolor Info: Model `hsb' substituted by `rgb' on input line 1356.
Package xcolor Info: Model `RGB' extended on input line 1368.
Package xcolor Info: Model `HTML' substituted by `rgb' on input line 1370.
Package xcolor Info: Model `Hsb' substituted by `hsb' on input line 1371.
Package xcolor Info: Model `tHsb' substituted by `hsb' on input line 1372.
Package xcolor Info: Model `HSB' substituted by `hsb' on input line 1373.
Package xcolor Info: Model `Gray' substituted by `gray' on input line 1374.
Package xcolor Info: Model `wave' substituted by `hsb' on input line 1375.
)
\@indexfile=\write4
\openout4 = `report.idx'.


Writing index file report.idx

(C:\Users\Berretta\AppData\Local\Programs\MiKTeX\tex/latex/l3backend\l3backend-
pdftex.def
File: l3backend-pdftex.def 2022-02-07 L3 backend support: PDF output (pdfTeX)
\l__color_backend_stack_int=\count310
\l__pdf_internal_box=\box61
)

LaTeX Warning: Unused global option(s):
    [makeidx].

No file report.aux.
\openout1 = `report.aux'.

LaTeX Font Info:    Checking defaults for OML/cmm/m/it on input line 67.
LaTeX Font Info:    ... okay on input line 67.
LaTeX Font Info:    Checking defaults for OMS/cmsy/m/n on input line 67.
LaTeX Font Info:    ... okay on input line 67.
LaTeX Font Info:    Checking defaults for OT1/cmr/m/n on input line 67.
LaTeX Font Info:    ... okay on input line 67.
LaTeX Font Info:    Checking defaults for T1/cmr/m/n on input line 67.
LaTeX Font Info:    ... okay on input line 67.
LaTeX Font Info:    Checking defaults for TS1/cmr/m/n on input line 67.
LaTeX Font Info:    ... okay on input line 67.
LaTeX Font Info:    Checking defaults for OMX/cmex/m/n on input line 67.
LaTeX Font Info:    ... okay on input line 67.
LaTeX Font Info:    Checking defaults for U/cmr/m/n on input line 67.
LaTeX Font Info:    ... okay on input line 67.
LaTeX Font Info:    Checking defaults for PD1/pdf/m/n on input line 67.
LaTeX Font Info:    ... okay on input line 67.
LaTeX Font Info:    Checking defaults for PU/pdf/m/n on input line 67.
LaTeX Font Info:    ... okay on input line 67.
\c@lstlisting=\count311
Package hyperref Info: Link coloring OFF on input line 67.

(C:\Users\Berretta\AppData\Local\Programs\MiKTeX\tex/latex/hyperref\nameref.sty
Package: nameref 2021-04-02 v2.47 Cross-referencing by name of section

(C:\Users\Berretta\AppData\Local\Programs\MiKTeX\tex/latex/refcount\refcount.st
y
Package: refcount 2019/12/15 v3.6 Data extraction from label references (HO)
)
(C:\Users\Berretta\AppData\Local\Programs\MiKTeX\tex/generic/gettitlestring\get
titlestring.sty
Package: gettitlestring 2019/12/15 v1.6 Cleanup title references (HO)
)
\c@section@level=\count312
)
LaTeX Info: Redefining \ref on input line 67.
LaTeX Info: Redefining \pageref on input line 67.
LaTeX Info: Redefining \nameref on input line 67.
\@outlinefile=\write5
\openout5 = `report.out'.


(C:\Users\Berretta\AppData\Local\Programs\MiKTeX\tex/context/base/mkii\supp-pdf
.mkii
[Loading MPS to PDF converter (version 2006.09.02).]
\scratchcounter=\count313
\scratchdimen=\dimen261
\scratchbox=\box62
\nofMPsegments=\count314
\nofMParguments=\count315
\everyMPshowfont=\toks34
\MPscratchCnt=\count316
\MPscratchDim=\dimen262
\MPnumerator=\count317
\makeMPintoPDFobject=\count318
\everyMPtoPDFconversion=\toks35
)
(C:\Users\Berretta\AppData\Local\Programs\MiKTeX\tex/latex/epstopdf-pkg\epstopd
f-base.sty
Package: epstopdf-base 2020-01-24 v2.11 Base part for package epstopdf
Package epstopdf-base Info: Redefining graphics rule for `.eps' on input line 4
85.

(C:\Users\Berretta\AppData\Local\Programs\MiKTeX\tex/latex/00miktex\epstopdf-sy
s.cfg
File: epstopdf-sys.cfg 2021/03/18 v2.0 Configuration of epstopdf for MiKTeX
))
Package caption Info: Begin \AtBeginDocument code.
Package caption Info: float package is loaded.
Package caption Info: End \AtBeginDocument code.
<images/logopolitonuovo.jpeg, id=3, 401.8212pt x 401.8212pt>
File: images/logopolitonuovo.jpeg Graphic file (type jpg)
<use images/logopolitonuovo.jpeg>
Package pdftex.def Info: images/logopolitonuovo.jpeg  used on input line 73.
(pdftex.def)             Requested size: 170.71652pt x 170.71962pt.
LaTeX Font Info:    Trying to load font information for U+msa on input line 93.


(C:\Users\Berretta\AppData\Local\Programs\MiKTeX\tex/latex/amsfonts\umsa.fd
File: umsa.fd 2013/01/14 v3.01 AMS symbols A
)
LaTeX Font Info:    Trying to load font information for U+msb on input line 93.


(C:\Users\Berretta\AppData\Local\Programs\MiKTeX\tex/latex/amsfonts\umsb.fd
File: umsb.fd 2013/01/14 v3.01 AMS symbols B
)
[1



{C:/Users/Berretta/AppData/Local/MiKTeX/fonts/map/pdftex/pdftex.map} <C:/Users/
Berretta/Downloads/report_template (1) - 1 (3)/images/logopolitonuovo.jpeg>]
\tf@toc=\write6
\openout6 = `report.toc'.


pdfTeX warning (ext4): destination with the same identifier (name{page.i}) has 
been already used, duplicate ignored
<to be read again> 
                   \relax 
l.104 \listoffigures
                     % REMOVE THIS IF THERE ARE NO PICTURES [1

]
\tf@lof=\write7
\openout7 = `report.lof'.

 [2

]
(C:/Users/Berretta/Downloads/report_template (1) - 1 (3)\chapters/abstract.tex)

(C:/Users/Berretta/Downloads/report_template (1) - 1 (3)\chapters/introduction.
tex [1


]
Chapter 1.
)
(C:/Users/Berretta/Downloads/report_template (1) - 1 (3)\chapters/background.te
x [2

]
Chapter 2.
[3

]

LaTeX Warning: File `hash.png' not found on input line 24.


! Package pdftex.def Error: File `hash.png' not found: using draft setting.

See the pdftex.def package documentation for explanation.
Type  H <return>  for immediate help.
 ...                                              
                                                  
l.24 ...udegraphics[width=0.6\linewidth]{hash.png}
                                                  
? 

Underfull \hbox (badness 10000) in paragraph at lines 32--32
|[]\OT1/cmr/bx/n/14.4 HTTP/HTTPS|
 []

[4]

LaTeX Warning: File `https.png' not found on input line 51.


! Package pdftex.def Error: File `https.png' not found: using draft setting.

See the pdftex.def package documentation for explanation.
Type  H <return>  for immediate help.
 ...                                              
                                                  
l.51 ...ludegraphics[width=1\textwidth]{https.png}
                                                  
? 
[5]
Underfull \hbox (badness 10000) in paragraph at lines 61--61
|[]\OT1/cmr/bx/n/14.4 FreeRTOS|
 []


Underfull \hbox (badness 10000) in paragraph at lines 66--66
|[]\OT1/cmr/bx/n/14.4 Preliminary|
 []


LaTeX Warning: Hyper reference `Preliminary' on page 6 undefined on input line 
69.

)
(C:/Users/Berretta/Downloads/report_template (1) - 1 (3)\chapters/overview.tex
[6]
Chapter 3.

LaTeX Warning: File `upload download.png' not found on input line 12.


! Package pdftex.def Error: File `upload download.png' not found: using draft s
etting.

See the pdftex.def package documentation for explanation.
Type  H <return>  for immediate help.
 ...                                              
                                                  
l.12 ...cs[width=1\textwidth]{upload download.png}
                                                  
? 

LaTeX Warning: `!h' float specifier changed to `!ht'.

)
(C:/Users/Berretta/Downloads/report_template (1) - 1 (3)\chapters/implementatio
n.tex [7

] [8]
Chapter 4.

LaTeX Warning: File `Generale.jpg' not found on input line 3.


! Package pdftex.def Error: File `Generale.jpg' not found: using draft setting.


See the pdftex.def package documentation for explanation.
Type  H <return>  for immediate help.
 ...                                              
                                                  
l.3 ...degraphics[width=1\textwidth]{Generale.jpg}
                                                  
? 

LaTeX Warning: `!h' float specifier changed to `!ht'.


Underfull \hbox (badness 10000) in paragraph at lines 11--11
|[]\OT1/cmr/bx/n/14.4 Include|
 []


Underfull \hbox (badness 10000) in paragraph at lines 30--30
|[]\OT1/cmr/bx/n/12 FreeRTOS|
 []

[9

]

LaTeX Warning: File `all.png' not found on input line 53.


! Package pdftex.def Error: File `all.png' not found: using draft setting.

See the pdftex.def package documentation for explanation.
Type  H <return>  for immediate help.
 ...                                              
                                                  
l.53 ...udegraphics[width=0.85\textwidth]{all.png}
                                                  
? 
[10]
Overfull \hbox (112.77751pt too wide) in paragraph at lines 59--60
 [][][][] 
 []


Overfull \hbox (86.52774pt too wide) in paragraph at lines 79--80
 [][][][] 
 []


Overfull \hbox (68.22784pt too wide) in paragraph at lines 84--84
[]    \OT1/cmtt/m/n/10 // esp_https_ota returns ok and the binary file is putte
d in the ota partition that we setted[] 
 []

[11]
Overfull \hbox (57.72794pt too wide) in paragraph at lines 87--87
[]      \OT1/cmtt/m/n/10 ESP_LOGI(TAG,"firmware update is successful now we are
 in version %d.",firmware_version);[] 
 []


Overfull \hbox (41.97807pt too wide) in paragraph at lines 89--89
[]      \OT1/cmtt/m/n/10 esp_restart(); //restaring our microcontroller and sta
rt from the new memory partition[] 
 []

) (C:/Users/Berretta/Downloads/report_template (1) - 1 (3)\chapters/results.tex
[12]
Chapter 5.
[13

]

LaTeX Warning: File `check hash.jpg' not found on input line 45.


! Package pdftex.def Error: File `check hash.jpg' not found: using draft settin
g.

See the pdftex.def package documentation for explanation.
Type  H <return>  for immediate help.
 ...                                              
                                                  
l.45 ...raphics[width=1\linewidth]{check hash.jpg}
                                                  
? 
[14]
Overfull \hbox (26.22821pt too wide) in paragraph at lines 56--56
[]\OT1/cmtt/m/n/10 /***********************************************************
****************************/[] 
 []


Overfull \hbox (26.22821pt too wide) in paragraph at lines 80--80
[]\OT1/cmtt/m/n/10 /***********************************************************
****************************/[] 
 []


Overfull \hbox (26.22821pt too wide) in paragraph at lines 88--88
[]\OT1/cmtt/m/n/10 /***********************************************************
****************************/[] 
 []

[15]
Overfull \hbox (73.4778pt too wide) in paragraph at lines 103--103
[]\OT1/cmtt/m/n/10 +                                                        ESP
_PARTITION_SUBTYPE_DATA_SPIFFS, NULL);[] 
 []


Overfull \hbox (26.22821pt too wide) in paragraph at lines 111--111
[]\OT1/cmtt/m/n/10 /***********************************************************
****************************/[] 
 []


Overfull \hbox (97.02765pt too wide) in paragraph at lines 118--120
[][][][] 
 []

)
(C:/Users/Berretta/Downloads/report_template (1) - 1 (3)\chapters/conclusions.t
ex [16]
Chapter 6.
)
(C:/Users/Berretta/Downloads/report_template (1) - 1 (3)\chapters/references.te
x [17

])
(C:/Users/Berretta/Downloads/report_template (1) - 1 (3)\appendices/usermanual.
tex [18

]
Appendix A.

Overfull \hbox (18.77834pt too wide) in paragraph at lines 20--22
[][][]  
 []

[19

])
(C:/Users/Berretta/Downloads/report_template (1) - 1 (3)\appendices/Preliminary
.tex [20]
Appendix B.
[21

]

LaTeX Warning: File `diagram.png' not found on input line 22.


! Package pdftex.def Error: File `diagram.png' not found: using draft setting.

See the pdftex.def package documentation for explanation.
Type  H <return>  for immediate help.
 ...                                              
                                                  
l.22 ...degraphics[width=1\textwidth]{diagram.png}
                                                  
? 
[22]

LaTeX Warning: File `simulation1.png' not found on input line 53.


! Package pdftex.def Error: File `simulation1.png' not found: using draft setti
ng.

See the pdftex.def package documentation for explanation.
Type  H <return>  for immediate help.
 ...                                              
                                                  
l.53 ...aphics[width=1\textwidth]{simulation1.png}
                                                  
? 
[23]
Overfull \hbox (7.27843pt too wide) in paragraph at lines 57--59
[][][]  
 []

) [24] (report.aux)

LaTeX Warning: There were undefined references.


LaTeX Warning: Label(s) may have changed. Rerun to get cross-references right.


Package rerunfilecheck Warning: File `report.out' has changed.
(rerunfilecheck)                Rerun to get outlines right
(rerunfilecheck)                or use package `bookmark'.

Package rerunfilecheck Info: Checksums for `report.out':
(rerunfilecheck)             Before: <no file>
(rerunfilecheck)             After:  BBB929EBD5154843F3D4977BF079AC7F;4989.
 ) 
Here is how much of TeX's memory you used:
 15748 strings out of 478582
 257053 string characters out of 2842928
 567385 words of memory out of 3000000
 33604 multiletter control sequences out of 15000+600000
 474795 words of font info for 49 fonts, out of 8000000 for 9000
 1141 hyphenation exceptions out of 8191
 60i,12n,63p,741b,594s stack positions out of 10000i,1000n,20000p,200000b,80000s
 <C:\Users\Berretta\AppData\Local\MiKTeX\fonts/pk/ljfour/jknappen/ec/dpi600\t
crm1000.pk><C:/Users/Berretta/AppData/Local/Programs/MiKTeX/fonts/type1/public/
amsfonts/cm/cmbx10.pfb><C:/Users/Berretta/AppData/Local/Programs/MiKTeX/fonts/t
ype1/public/amsfonts/cm/cmbx12.pfb><C:/Users/Berretta/AppData/Local/Programs/Mi
KTeX/fonts/type1/public/amsfonts/cm/cmr10.pfb><C:/Users/Berretta/AppData/Local/
Programs/MiKTeX/fonts/type1/public/amsfonts/cm/cmr12.pfb><C:/Users/Berretta/App
Data/Local/Programs/MiKTeX/fonts/type1/public/amsfonts/cm/cmr17.pfb><C:/Users/B
erretta/AppData/Local/Programs/MiKTeX/fonts/type1/public/amsfonts/cm/cmss17.pfb
><C:/Users/Berretta/AppData/Local/Programs/MiKTeX/fonts/type1/public/amsfonts/c
m/cmtt10.pfb>
Output written on report.pdf (27 pages, 443017 bytes).
PDF statistics:
 261 PDF objects out of 1000 (max. 8388607)
 85 named destinations out of 1000 (max. 500000)
 6 words of extra memory for PDF output out of 10000 (max. 10000000)

